<?xml version="1.0" encoding="UTF-8"?>
<!-- Generated by org.testng.reporters.JUnitReportReporter -->
<testsuite skipped="0" hostname="LAPTOP-BTBHOBIS" name="com.atipune.testngframe.basics.example_dependonmethod" tests="2" failures="0" timestamp="2021-12-04T07:47:41 IST" time="0.002" errors="0">
  <testcase name="login" time="0.001" classname="com.atipune.testngframe.basics.example_dependonmethod"/>
  <system-out>
    <![CDATA[testcase login]]>
  </system-out>
  <testcase name="logout" time="0.001" classname="com.atipune.testngframe.basics.example_dependonmethod"/>
  <system-out>
    <![CDATA[testcase logout ]]>
  </system-out>
</testsuite> <!-- com.atipune.testngframe.basics.example_dependonmethod -->
