<?xml version="1.0" encoding="UTF-8"?>
<!-- Generated by org.testng.reporters.JUnitReportReporter -->
<testsuite skipped="0" hostname="LAPTOP-BTBHOBIS" name="com.atipune.testngframe.basics.Example_keyword_timeout" tests="1" failures="0" timestamp="2021-12-04T07:47:41 IST" time="3.003" errors="0">
  <testcase name="testcse" time="3.003" classname="com.atipune.testngframe.basics.Example_keyword_timeout"/>
  <system-out>
    <![CDATA[testcase]]>
  </system-out>
</testsuite> <!-- com.atipune.testngframe.basics.Example_keyword_timeout -->
