<?xml version="1.0" encoding="UTF-8"?>
<!-- Generated by org.testng.reporters.JUnitReportReporter -->
<testsuite skipped="0" hostname="LAPTOP-BTBHOBIS" name="com.atipune.testngframe.basics.Testbasic" tests="2" failures="0" timestamp="2021-12-04T07:47:40 IST" time="0.000" errors="0">
  <testcase name="Testmethod1" time="0.000" classname="com.atipune.testngframe.basics.Testbasic"/>
  <system-out/>
  <testcase name="Testmethod2" time="0.000" classname="com.atipune.testngframe.basics.Testbasic"/>
  <system-out/>
</testsuite> <!-- com.atipune.testngframe.basics.Testbasic -->
