<?xml version="1.0" encoding="UTF-8"?>
<!-- Generated by org.testng.reporters.JUnitReportReporter -->
<testsuite skipped="0" hostname="LAPTOP-BTBHOBIS" name="com.atipune.testngframe.basics.Example_keyword_invocationcount" tests="5" failures="0" timestamp="2021-12-04T07:47:41 IST" time="0.005" errors="0">
  <testcase name="TC1" time="0.000" classname="com.atipune.testngframe.basics.Example_keyword_invocationcount"/>
  <system-out>
    <![CDATA[running C1.class]]>
  </system-out>
  <testcase name="TC1" time="0.002" classname="com.atipune.testngframe.basics.Example_keyword_invocationcount"/>
  <system-out>
    <![CDATA[running C1.class]]>
  </system-out>
  <testcase name="TC1" time="0.001" classname="com.atipune.testngframe.basics.Example_keyword_invocationcount"/>
  <system-out>
    <![CDATA[running C1.class]]>
  </system-out>
  <testcase name="TC1" time="0.001" classname="com.atipune.testngframe.basics.Example_keyword_invocationcount"/>
  <system-out>
    <![CDATA[running C1.class]]>
  </system-out>
  <testcase name="TC1" time="0.001" classname="com.atipune.testngframe.basics.Example_keyword_invocationcount"/>
  <system-out>
    <![CDATA[running C1.class]]>
  </system-out>
</testsuite> <!-- com.atipune.testngframe.basics.Example_keyword_invocationcount -->
