<?xml version="1.0" encoding="UTF-8"?>
<!-- Generated by org.testng.reporters.JUnitReportReporter -->
<testsuite skipped="0" hostname="LAPTOP-BTBHOBIS" name="com.atipune.testngframe.basics.Annotation1" tests="2" failures="0" timestamp="2021-12-04T07:47:41 IST" time="0.003" errors="0">
  <testcase name="verifyps" time="0.002" classname="com.atipune.testngframe.basics.Annotation1"/>
  <system-out>
    <![CDATA[test case for password]]>
  </system-out>
  <testcase name="verifyuserid" time="0.001" classname="com.atipune.testngframe.basics.Annotation1"/>
  <system-out>
    <![CDATA[test case for userid]]>
  </system-out>
</testsuite> <!-- com.atipune.testngframe.basics.Annotation1 -->
