<?xml version="1.0" encoding="UTF-8"?>
<!-- Generated by org.testng.reporters.JUnitReportReporter -->
<testsuite skipped="2" hostname="LAPTOP-BTBHOBIS" name="com.atipune.testngframe.basics.Example_ofEnabled" tests="4" failures="0" timestamp="2021-12-04T07:47:41 IST" time="0.000" errors="0">
  <testcase name="test3" time="0.000" classname="com.atipune.testngframe.basics.Example_ofEnabled"/>
  <system-out>
    <![CDATA[testcase3]]>
  </system-out>
  <testcase name="test" time="0.000" classname="com.atipune.testngframe.basics.Example_ofEnabled"/>
  <system-out>
    <![CDATA[testcase1]]>
  </system-out>
  <testcase name="test2" classname="com.atipune.testngframe.basics.Example_ofEnabled">
    <skipped/>
  </testcase> <!-- test2 -->
  <system-out/>
  <testcase name="test4" classname="com.atipune.testngframe.basics.Example_ofEnabled">
    <skipped/>
  </testcase> <!-- test4 -->
  <system-out/>
</testsuite> <!-- com.atipune.testngframe.basics.Example_ofEnabled -->
