<?xml version="1.0" encoding="UTF-8"?>
<!-- Generated by org.testng.reporters.JUnitReportReporter -->
<testsuite skipped="0" hostname="LAPTOP-BTBHOBIS" name="TestCases.TestNgClass" tests="5" failures="0" timestamp="2021-12-14T09:20:34 IST" time="0.146" errors="0">
  <testcase name="verifyNewArrivalsDisplayed" time="0.068" classname="TestCases.TestNgClass"/>
  <system-out/>
  <testcase name="verifyFirstBookTitle" time="0.063" classname="TestCases.TestNgClass"/>
  <system-out/>
  <testcase name="verifyHomePageTitle" time="0.011" classname="TestCases.TestNgClass"/>
  <system-out/>
  <testcase name="verify2" time="0.004" classname="TestCases.TestNgClass"/>
  <system-out/>
  <testcase name="verifyNewArrivalsEnabled" time="0.000" classname="TestCases.TestNgClass"/>
  <system-out/>
</testsuite> <!-- TestCases.TestNgClass -->
