<?xml version="1.0" encoding="UTF-8"?>
<!-- Generated by org.testng.reporters.JUnitReportReporter -->
<testsuite skipped="0" hostname="LAPTOP-BTBHOBIS" name="com.atipune.testngframe.basics.Example2_suite" tests="4" failures="0" timestamp="2021-12-04T07:47:41 IST" time="0.003" errors="0">
  <testcase name="Testmethod6" time="0.002" classname="com.atipune.testngframe.basics.Example2_suite"/>
  <system-out>
    <![CDATA[testcase5 ]]>
  </system-out>
  <testcase name="Testmethod7" time="0.000" classname="com.atipune.testngframe.basics.Example2_suite"/>
  <system-out>
    <![CDATA[testcase6 ]]>
  </system-out>
  <testcase name="Testmethod8" time="0.000" classname="com.atipune.testngframe.basics.Example2_suite"/>
  <system-out>
    <![CDATA[testcase9 ]]>
  </system-out>
  <testcase name="Testmethod5" time="0.001" classname="com.atipune.testngframe.basics.Example2_suite"/>
  <system-out>
    <![CDATA[testcase4 ]]>
  </system-out>
</testsuite> <!-- com.atipune.testngframe.basics.Example2_suite -->
