<?xml version="1.0" encoding="UTF-8"?>
<!-- Generated by org.testng.reporters.JUnitReportReporter -->
<testsuite skipped="0" hostname="LAPTOP-BTBHOBIS" name="com.atipune.testngframe.basics.Example1suite" tests="4" failures="0" timestamp="2021-12-04T07:47:41 IST" time="0.003" errors="0">
  <testcase name="Testmethod1" time="0.001" classname="com.atipune.testngframe.basics.Example1suite"/>
  <system-out/>
  <testcase name="Testmethod2" time="0.000" classname="com.atipune.testngframe.basics.Example1suite"/>
  <system-out>
    <![CDATA[testcas1]]>
  </system-out>
  <testcase name="Testmethod3" time="0.001" classname="com.atipune.testngframe.basics.Example1suite"/>
  <system-out>
    <![CDATA[testcase2 ]]>
  </system-out>
  <testcase name="Testmethod4" time="0.001" classname="com.atipune.testngframe.basics.Example1suite"/>
  <system-out>
    <![CDATA[testcase 3]]>
  </system-out>
</testsuite> <!-- com.atipune.testngframe.basics.Example1suite -->
