<?xml version="1.0" encoding="UTF-8"?>
<!-- Generated by org.testng.reporters.JUnitReportReporter -->
<testsuite skipped="0" hostname="LAPTOP-BTBHOBIS" name="com.atipune.testngframe.basics.Example_invocationcount1" tests="3" failures="0" timestamp="2021-12-04T07:47:41 IST" time="0.003" errors="0">
  <testcase name="testcase1" time="0.001" classname="com.atipune.testngframe.basics.Example_invocationcount1"/>
  <system-out>
    <![CDATA[ test case pass1]]>
  </system-out>
  <testcase name="testcase1" time="0.001" classname="com.atipune.testngframe.basics.Example_invocationcount1"/>
  <system-out>
    <![CDATA[ test case pass1]]>
  </system-out>
  <testcase name="testcase1" time="0.001" classname="com.atipune.testngframe.basics.Example_invocationcount1"/>
  <system-out>
    <![CDATA[ test case pass1]]>
  </system-out>
</testsuite> <!-- com.atipune.testngframe.basics.Example_invocationcount1 -->
