<?xml version="1.0" encoding="UTF-8"?>
<!-- Generated by org.testng.reporters.JUnitReportReporter -->
<testsuite skipped="0" hostname="LAPTOP-BTBHOBIS" name="com.atipune.testngframe.basics.Multi_browser1" tests="2" failures="0" timestamp="2021-12-05T16:47:45 IST" time="17.342" errors="0">
  <testcase name="multi_broswer1" time="10.410" classname="com.atipune.testngframe.basics.Multi_browser1"/>
  <system-out/>
  <testcase name="multi_broswer1" time="6.932" classname="com.atipune.testngframe.basics.Multi_browser1"/>
  <system-out/>
</testsuite> <!-- com.atipune.testngframe.basics.Multi_browser1 -->
