<?xml version="1.0" encoding="UTF-8"?>
<!-- Generated by org.testng.reporters.JUnitReportReporter -->
<testsuite skipped="0" hostname="LAPTOP-BTBHOBIS" name="com.atipune.testngframe.basics.MultiBrowser_3" tests="2" failures="0" timestamp="2021-12-05T17:01:47 IST" time="17.419" errors="0">
  <testcase name="multibrowesr" time="10.673" classname="com.atipune.testngframe.basics.MultiBrowser_3"/>
  <system-out/>
  <testcase name="multibrowesr" time="6.746" classname="com.atipune.testngframe.basics.MultiBrowser_3"/>
  <system-out/>
</testsuite> <!-- com.atipune.testngframe.basics.MultiBrowser_3 -->
