<?xml version="1.0" encoding="UTF-8"?>
<!-- Generated by org.testng.reporters.JUnitReportReporter -->
<testsuite skipped="0" hostname="LAPTOP-BTBHOBIS" name="com.atipune.testngframe.basics.Grouping_testng" tests="3" failures="0" timestamp="2021-12-04T07:47:41 IST" time="0.000" errors="0">
  <testcase name="tc2" time="0.000" classname="com.atipune.testngframe.basics.Grouping_testng"/>
  <system-out>
    <![CDATA[test case2]]>
  </system-out>
  <testcase name="tc3" time="0.000" classname="com.atipune.testngframe.basics.Grouping_testng"/>
  <system-out>
    <![CDATA[test case3]]>
  </system-out>
  <testcase name="tc" time="0.000" classname="com.atipune.testngframe.basics.Grouping_testng"/>
  <system-out>
    <![CDATA[test case1]]>
  </system-out>
</testsuite> <!-- com.atipune.testngframe.basics.Grouping_testng -->
