<?xml version="1.0" encoding="UTF-8"?>
<!-- Generated by org.testng.reporters.JUnitReportReporter -->
<testsuite skipped="0" hostname="LAPTOP-BTBHOBIS" name="TestCases.ExtentReportsEx" tests="2" failures="0" timestamp="2021-12-14T22:28:26 IST" time="0.096" errors="0">
  <testcase name="verifyFirstBookTitle" time="0.075" classname="TestCases.ExtentReportsEx"/>
  <system-out/>
  <testcase name="verifyHomePageTitle" time="0.021" classname="TestCases.ExtentReportsEx"/>
  <system-out/>
</testsuite> <!-- TestCases.ExtentReportsEx -->
