<?xml version="1.0" encoding="UTF-8"?>
<!-- Generated by org.testng.reporters.JUnitReportReporter -->
<testsuite skipped="0" hostname="LAPTOP-BTBHOBIS" name="com.atipune.testngframe.basics.Example_keyword_priority" tests="4" failures="0" timestamp="2021-12-04T07:47:41 IST" time="0.003" errors="0">
  <testcase name="testcase4" time="0.001" classname="com.atipune.testngframe.basics.Example_keyword_priority"/>
  <system-out>
    <![CDATA[running test case4]]>
  </system-out>
  <testcase name="testcase3" time="0.001" classname="com.atipune.testngframe.basics.Example_keyword_priority"/>
  <system-out>
    <![CDATA[running test case3]]>
  </system-out>
  <testcase name="testcase2" time="0.001" classname="com.atipune.testngframe.basics.Example_keyword_priority"/>
  <system-out>
    <![CDATA[running test case2]]>
  </system-out>
  <testcase name="testcase1" time="0.000" classname="com.atipune.testngframe.basics.Example_keyword_priority"/>
  <system-out>
    <![CDATA[running test case1]]>
  </system-out>
</testsuite> <!-- com.atipune.testngframe.basics.Example_keyword_priority -->
