<?xml version="1.0" encoding="UTF-8"?>
<!-- Generated by org.testng.reporters.JUnitReportReporter -->
<testsuite skipped="0" hostname="LAPTOP-BTBHOBIS" name="com.atipune.testngframe.basics.Parellel_Execution2" tests="1" failures="0" timestamp="2021-12-04T07:47:41 IST" time="3.955" errors="0">
  <testcase name="m6" time="3.955" classname="com.atipune.testngframe.basics.Parellel_Execution2"/>
  <system-out/>
</testsuite> <!-- com.atipune.testngframe.basics.Parellel_Execution2 -->
