<?xml version="1.0" encoding="UTF-8"?>
<!-- Generated by org.testng.reporters.JUnitReportReporter -->
<testsuite skipped="0" hostname="LAPTOP-BTBHOBIS" name="com.atipune.testngframe.basics.Annotation" tests="2" failures="0" timestamp="2021-12-04T07:47:40 IST" time="0.006" errors="0">
  <testcase name="verifypn" time="0.002" classname="com.atipune.testngframe.basics.Annotation"/>
  <system-out>
    <![CDATA[running verify pn test script]]>
  </system-out>
  <testcase name="verifyUserid" time="0.004" classname="com.atipune.testngframe.basics.Annotation"/>
  <system-out>
    <![CDATA[running verify ID test script]]>
  </system-out>
</testsuite> <!-- com.atipune.testngframe.basics.Annotation -->
