<?xml version="1.0" encoding="UTF-8"?>
<!-- Generated by org.testng.reporters.JUnitReportReporter -->
<testsuite skipped="1" hostname="LAPTOP-BTBHOBIS" name="com.atipune.testngframe.basics.Example3_keyword_enabled" tests="3" failures="0" timestamp="2021-12-04T07:47:40 IST" time="0.000" errors="0">
  <testcase name="tc2" time="0.000" classname="com.atipune.testngframe.basics.Example3_keyword_enabled"/>
  <system-out>
    <![CDATA[test case 2 running]]>
  </system-out>
  <testcase name="tc1" time="0.000" classname="com.atipune.testngframe.basics.Example3_keyword_enabled"/>
  <system-out>
    <![CDATA[test case 1 running]]>
  </system-out>
  <testcase name="tc3" classname="com.atipune.testngframe.basics.Example3_keyword_enabled">
    <skipped/>
  </testcase> <!-- tc3 -->
  <system-out/>
</testsuite> <!-- com.atipune.testngframe.basics.Example3_keyword_enabled -->
