<?xml version="1.0" encoding="UTF-8"?>
<!-- Generated by org.testng.reporters.JUnitReportReporter -->
<testsuite skipped="0" hostname="LAPTOP-BTBHOBIS" name="com.atipune.testngframe.basics.Demo2" tests="4" failures="0" timestamp="2021-12-04T07:47:41 IST" time="0.015" errors="0">
  <testcase name="test4" time="0.006" classname="com.atipune.testngframe.basics.Demo2"/>
  <system-out>
    <![CDATA[testcase10]]>
  </system-out>
  <testcase name="test4" time="0.006" classname="com.atipune.testngframe.basics.Demo2"/>
  <system-out>
    <![CDATA[testcase10]]>
  </system-out>
  <testcase name="test6" time="0.001" classname="com.atipune.testngframe.basics.Demo2"/>
  <system-out>
    <![CDATA[testcase9]]>
  </system-out>
  <testcase name="test5" time="0.002" classname="com.atipune.testngframe.basics.Demo2"/>
  <system-out>
    <![CDATA[testcase8]]>
  </system-out>
</testsuite> <!-- com.atipune.testngframe.basics.Demo2 -->
