<?xml version="1.0" encoding="UTF-8"?>
<!-- Generated by org.testng.reporters.JUnitReportReporter -->
<testsuite skipped="0" hostname="LAPTOP-BTBHOBIS" name="com.atipune.testngframe.basics.Example1_verification" tests="2" failures="0" timestamp="2021-12-04T07:47:41 IST" time="0.006" errors="0">
  <testcase name="Tc1" time="0.003" classname="com.atipune.testngframe.basics.Example1_verification"/>
  <system-out/>
  <testcase name="Tc2" time="0.003" classname="com.atipune.testngframe.basics.Example1_verification"/>
  <system-out/>
</testsuite> <!-- com.atipune.testngframe.basics.Example1_verification -->
