<?xml version="1.0" encoding="UTF-8"?>
<!-- Generated by org.testng.reporters.JUnitReportReporter -->
<testsuite skipped="0" hostname="LAPTOP-BTBHOBIS" name="TestCases.Extent_reporter" tests="3" failures="0" timestamp="2021-12-14T23:08:36 IST" time="0.309" errors="0">
  <testcase name="verifyFirstBookTitle" time="0.139" classname="TestCases.Extent_reporter"/>
  <system-out/>
  <testcase name="verifyNewArrivalsDisplayed" time="0.149" classname="TestCases.Extent_reporter"/>
  <system-out/>
  <testcase name="verifyHomePageTitle" time="0.021" classname="TestCases.Extent_reporter"/>
  <system-out/>
</testsuite> <!-- TestCases.Extent_reporter -->
