<?xml version="1.0" encoding="UTF-8"?>
<!-- Generated by org.testng.reporters.JUnitReportReporter -->
<testsuite skipped="0" hostname="LAPTOP-BTBHOBIS" name="TestCases.TestCase1" tests="2" failures="0" timestamp="2021-12-13T14:41:05 IST" time="44.056" errors="0">
  <testcase name="verifyHomePageTitle" time="17.988" classname="TestCases.TestCase1"/>
  <system-out/>
  <testcase name="verifyFirstBookTitle" time="26.068" classname="TestCases.TestCase1"/>
  <system-out/>
</testsuite> <!-- TestCases.TestCase1 -->
