<?xml version="1.0" encoding="UTF-8"?>
<!-- Generated by org.testng.reporters.JUnitReportReporter -->
<testsuite skipped="0" hostname="LAPTOP-BTBHOBIS" name="com.atipune.testngframe.basics.Parellel_Execution" tests="1" failures="0" timestamp="2021-12-04T07:47:41 IST" time="7.319" errors="0">
  <testcase name="m1" time="7.319" classname="com.atipune.testngframe.basics.Parellel_Execution"/>
  <system-out/>
</testsuite> <!-- com.atipune.testngframe.basics.Parellel_Execution -->
