<?xml version="1.0" encoding="UTF-8"?>
<!-- Generated by org.testng.reporters.JUnitReportReporter -->
<testsuite skipped="0" hostname="LAPTOP-BTBHOBIS" name="com.atipune.testngframe.basics.Multi_browser_parellel" tests="2" failures="0" timestamp="2021-12-05T17:43:26 IST" time="19.135" errors="0">
  <testcase name="test1" time="6.967" classname="com.atipune.testngframe.basics.Multi_browser_parellel"/>
  <system-out/>
  <testcase name="test1" time="12.168" classname="com.atipune.testngframe.basics.Multi_browser_parellel"/>
  <system-out/>
</testsuite> <!-- com.atipune.testngframe.basics.Multi_browser_parellel -->
