<?xml version="1.0" encoding="UTF-8"?>
<!-- Generated by org.testng.reporters.JUnitReportReporter -->
<testsuite skipped="0" hostname="LAPTOP-BTBHOBIS" name="com.atipune.testngframe.basics.example1_attributes$Demo1" tests="3" failures="0" timestamp="2021-12-04T07:47:41 IST" time="0.002" errors="0">
  <testcase name="test3" time="0.001" classname="com.atipune.testngframe.basics.example1_attributes$Demo1"/>
  <system-out>
    <![CDATA[testcase8]]>
  </system-out>
  <testcase name="tes2" time="0.000" classname="com.atipune.testngframe.basics.example1_attributes$Demo1"/>
  <system-out>
    <![CDATA[testcase7]]>
  </system-out>
  <testcase name="test" time="0.001" classname="com.atipune.testngframe.basics.example1_attributes$Demo1"/>
  <system-out>
    <![CDATA[testcase5]]>
  </system-out>
</testsuite> <!-- com.atipune.testngframe.basics.example1_attributes$Demo1 -->
