<?xml version="1.0" encoding="UTF-8"?>
<!-- Generated by org.testng.reporters.JUnitReportReporter -->
<testsuite skipped="0" hostname="LAPTOP-BTBHOBIS" name="com.atipune.testngframe.basics.TC1" tests="2" failures="0" timestamp="2021-12-04T07:47:41 IST" time="0.002" errors="0">
  <testcase name="tc" time="0.001" classname="com.atipune.testngframe.basics.TC1"/>
  <system-out>
    <![CDATA[running tc..]]>
  </system-out>
  <testcase name="tc1" time="0.001" classname="com.atipune.testngframe.basics.TC1"/>
  <system-out>
    <![CDATA[running tc111..]]>
  </system-out>
</testsuite> <!-- com.atipune.testngframe.basics.TC1 -->
